<?xml version="1.0" encoding="UTF-8"?>
<!-- Generated by org.testng.reporters.JUnitReportReporter -->
<testsuite hostname="LAPTOP-T1CPEA34" failures="0" tests="2" name="TestPackage.TestA" time="18.074" errors="0" timestamp="2022-05-22T19:40:53 IST" skipped="0">
  <testcase classname="TestPackage.TestA" name="testA" time="7.934"/>
  <system-out/>
  <testcase classname="TestPackage.TestA" name="testb" time="10.140"/>
  <system-out/>
</testsuite> <!-- TestPackage.TestA -->
