<?xml version="1.0" encoding="UTF-8"?>
<!-- Generated by org.testng.reporters.JUnitReportReporter -->
<testsuite hostname="LAPTOP-T1CPEA34" failures="0" tests="1" name="TestPackage.TestC" time="0.310" errors="0" timestamp="2022-05-22T19:40:53 IST" skipped="0">
  <testcase classname="TestPackage.TestC" name="testC" time="0.310"/>
  <system-out/>
</testsuite> <!-- TestPackage.TestC -->
